# JRE version: OpenJDK Runtime Environment Corretto-17.0.3.6.1 (17.0.3+6) (build 17.0.3+6-LTS)
# Java VM: OpenJDK 64-Bit Server VM Corretto-17.0.3.6.1 (17.0.3+6-LTS, mixed mode, emulated-client, sharing, tiered, compressed oops, compressed class ptrs, g1 gc, windows-amd64)
GC Precious Log:
 CPUs: 12 total, 12 available
 Memory: 16178M
 Large Page Support: Disabled
 NUMA Support: Disabled
 Compressed Oops: Enabled (Zero based)
 Heap Region Size: 2M
 Heap Min Capacity: 8M
 Heap Initial Capacity: 254M
 Heap Max Capacity: 4046M
 Pre-touch: Disabled
 Parallel Workers: 10
 Concurrent Workers: 3
 Concurrent Refinement Workers: 10
 Periodic GC: Disabled
Heap:
 garbage-first heap   total 75776K, used 57855K [0x0000000703200000, 0x0000000800000000)
  region size 2048K, 18 young (36864K), 2 survivors (4096K)
 Metaspace       used 56005K, committed 56576K, reserved 1105920K
  class space    used 7667K, committed 7936K, reserved 1048576K
GC Heap History (20 events):
Event: 151.388 GC heap before
{Heap before GC invocations=13 (full 0):
 garbage-first heap   total 161792K, used 68010K [0x0000000703200000, 0x0000000800000000)
  region size 2048K, 26 young (53248K), 4 survivors (8192K)
 Metaspace       used 54720K, committed 55232K, reserved 1097728K
  class space    used 7553K, committed 7808K, reserved 1048576K
}
Event: 151.421 GC heap after
{Heap after GC invocations=14 (full 1):
 garbage-first heap   total 102400K, used 22960K [0x0000000703200000, 0x0000000800000000)
  region size 2048K, 0 young (0K), 0 survivors (0K)
 Metaspace       used 54717K, committed 55232K, reserved 1097728K
  class space    used 7553K, committed 7808K, reserved 1048576K
}
Event: 151.902 GC heap before
{Heap before GC invocations=14 (full 1):
 garbage-first heap   total 102400K, used 68016K [0x0000000703200000, 0x0000000800000000)
  region size 2048K, 23 young (47104K), 0 survivors (0K)
 Metaspace       used 55066K, committed 55616K, reserved 1097728K
  class space    used 7592K, committed 7872K, reserved 1048576K
}
Event: 151.904 GC heap after
{Heap after GC invocations=15 (full 1):
 garbage-first heap   total 102400K, used 26440K [0x0000000703200000, 0x0000000800000000)
  region size 2048K, 2 young (4096K), 2 survivors (4096K)
 Metaspace       used 55066K, committed 55616K, reserved 1097728K
  class space    used 7592K, committed 7872K, reserved 1048576K
}
Event: 152.025 GC heap before
{Heap before GC invocations=15 (full 1):
 garbage-first heap   total 102400K, used 71496K [0x0000000703200000, 0x0000000800000000)
  region size 2048K, 24 young (49152K), 2 survivors (4096K)
 Metaspace       used 55221K, committed 55744K, reserved 1097728K
  class space    used 7606K, committed 7872K, reserved 1048576K
}
Event: 152.026 GC heap after
{Heap after GC invocations=16 (full 1):
 garbage-first heap   total 102400K, used 27622K [0x0000000703200000, 0x0000000800000000)
  region size 2048K, 3 young (6144K), 3 survivors (6144K)
 Metaspace       used 55221K, committed 55744K, reserved 1097728K
  class space    used 7606K, committed 7872K, reserved 1048576K
}
Event: 212.460 GC heap before
{Heap before GC invocations=16 (full 1):
 garbage-first heap   total 102400K, used 66534K [0x0000000703200000, 0x0000000800000000)
  region size 2048K, 23 young (47104K), 3 survivors (6144K)
 Metaspace       used 55463K, committed 56064K, reserved 1097728K
  class space    used 7630K, committed 7936K, reserved 1048576K
}
Event: 212.488 GC heap after
{Heap after GC invocations=17 (full 2):
 garbage-first heap   total 75776K, used 21010K [0x0000000703200000, 0x0000000800000000)
  region size 2048K, 0 young (0K), 0 survivors (0K)
 Metaspace       used 55297K, committed 56064K, reserved 1097728K
  class space    used 7595K, committed 7936K, reserved 1048576K
}
Event: 212.795 GC heap before
{Heap before GC invocations=17 (full 2):
 garbage-first heap   total 75776K, used 57874K [0x0000000703200000, 0x0000000800000000)
  region size 2048K, 18 young (36864K), 0 survivors (0K)
 Metaspace       used 55469K, committed 56064K, reserved 1097728K
  class space    used 7616K, committed 7936K, reserved 1048576K
}
Event: 212.796 GC heap after
{Heap after GC invocations=18 (full 2):
 garbage-first heap   total 75776K, used 24031K [0x0000000703200000, 0x0000000800000000)
  region size 2048K, 2 young (4096K), 2 survivors (4096K)
 Metaspace       used 55469K, committed 56064K, reserved 1097728K
  class space    used 7616K, committed 7936K, reserved 1048576K
}
Event: 212.922 GC heap before
{Heap before GC invocations=18 (full 2):
 garbage-first heap   total 75776K, used 56799K [0x0000000703200000, 0x0000000800000000)
  region size 2048K, 18 young (36864K), 2 survivors (4096K)
 Metaspace       used 55702K, committed 56320K, reserved 1097728K
  class space    used 7636K, committed 7936K, reserved 1048576K
}
Event: 212.925 GC heap after
{Heap after GC invocations=19 (full 2):
 garbage-first heap   total 75776K, used 25285K [0x0000000703200000, 0x0000000800000000)
  region size 2048K, 3 young (6144K), 3 survivors (6144K)
 Metaspace       used 55702K, committed 56320K, reserved 1097728K
  class space    used 7636K, committed 7936K, reserved 1048576K
}
Event: 212.991 GC heap before
{Heap before GC invocations=19 (full 2):
 garbage-first heap   total 75776K, used 56005K [0x0000000703200000, 0x0000000800000000)
  region size 2048K, 18 young (36864K), 3 survivors (6144K)
 Metaspace       used 55850K, committed 56384K, reserved 1097728K
  class space    used 7646K, committed 7936K, reserved 1048576K
}
Event: 212.994 GC heap after
{Heap after GC invocations=20 (full 2):
 garbage-first heap   total 75776K, used 26101K [0x0000000703200000, 0x0000000800000000)
  region size 2048K, 2 young (4096K), 2 survivors (4096K)
 Metaspace       used 55850K, committed 56384K, reserved 1097728K
  class space    used 7646K, committed 7936K, reserved 1048576K
}
Event: 234.397 GC heap before
{Heap before GC invocations=20 (full 2):
 garbage-first heap   total 75776K, used 56821K [0x0000000703200000, 0x0000000800000000)
  region size 2048K, 17 young (34816K), 2 survivors (4096K)
 Metaspace       used 55961K, committed 56512K, reserved 1097728K
  class space    used 7659K, committed 7936K, reserved 1048576K
}
Event: 234.401 GC heap after
{Heap after GC invocations=21 (full 2):
 garbage-first heap   total 75776K, used 27165K [0x0000000703200000, 0x0000000800000000)
  region size 2048K, 2 young (4096K), 2 survivors (4096K)
 Metaspace       used 55961K, committed 56512K, reserved 1097728K
  class space    used 7659K, committed 7936K, reserved 1048576K
}
Event: 977.909 GC heap before
{Heap before GC invocations=21 (full 2):
 garbage-first heap   total 75776K, used 57885K [0x0000000703200000, 0x0000000800000000)
  region size 2048K, 17 young (34816K), 2 survivors (4096K)
 Metaspace       used 56005K, committed 56576K, reserved 1105920K
  class space    used 7667K, committed 7936K, reserved 1048576K
}
Event: 977.912 GC heap after
{Heap after GC invocations=22 (full 2):
 garbage-first heap   total 75776K, used 27735K [0x0000000703200000, 0x0000000800000000)
  region size 2048K, 2 young (4096K), 2 survivors (4096K)
 Metaspace       used 56005K, committed 56576K, reserved 1105920K
  class space    used 7667K, committed 7936K, reserved 1048576K
}
Event: 1777.822 GC heap before
{Heap before GC invocations=22 (full 2):
 garbage-first heap   total 75776K, used 58455K [0x0000000703200000, 0x0000000800000000)
  region size 2048K, 17 young (34816K), 2 survivors (4096K)
 Metaspace       used 56005K, committed 56576K, reserved 1105920K
  class space    used 7667K, committed 7936K, reserved 1048576K
}
Event: 1777.824 GC heap after
{Heap after GC invocations=23 (full 2):
 garbage-first heap   total 75776K, used 27135K [0x0000000703200000, 0x0000000800000000)
  region size 2048K, 2 young (4096K), 2 survivors (4096K)
 Metaspace       used 56005K, committed 56576K, reserved 1105920K
  class space    used 7667K, committed 7936K, reserved 1048576K
}

